{
"contracts/Raffle.sol":{"l":{"45":3,"46":3,"47":3,"48":3,"49":3,"50":3,"51":3,"52":3,"61":5,"62":1,"64":4,"65":1,"67":3,"68":3,"81":1,"82":1,"83":1,"84":1,"85":1,"91":1,"92":1,"93":0,"99":1,"100":1,"107":1,"115":0,"116":0,"117":0,"118":0,"119":0,"120":0,"121":0,"122":0,"123":0,"125":0,"130":5,"134":1,"138":0,"142":1,"146":0,"150":0,"154":0,"158":0,"162":5},"path":"/Users/ben/hh-fcc/hardhat-smartcontract-lottery-fcc/contracts/Raffle.sol","s":{"1":3,"2":3,"3":3,"4":3,"5":3,"6":3,"7":3,"8":3,"9":5,"10":4,"11":3,"12":3,"13":1,"14":1,"15":1,"16":1,"17":1,"18":1,"19":1,"20":1,"21":1,"22":1,"23":0,"24":0,"25":0,"26":0,"27":0,"28":0,"29":0,"30":0,"31":0,"32":5,"33":1,"34":0,"35":1,"36":0,"37":0,"38":0,"39":0,"40":5},"b":{"1":[1,4],"2":[1,3],"3":[0,1],"4":[0,0]},"f":{"1":3,"2":5,"3":1,"4":1,"5":0,"6":5,"7":1,"8":0,"9":1,"10":0,"11":0,"12":0,"13":0,"14":5},"fnMap":{"1":{"name":"constructor","line":44,"loc":{"start":{"line":37,"column":4},"end":{"line":53,"column":4}}},"2":{"name":"enterRaffle","line":60,"loc":{"start":{"line":60,"column":4},"end":{"line":69,"column":4}}},"3":{"name":"checkUpkeep","line":71,"loc":{"start":{"line":71,"column":4},"end":{"line":86,"column":4}}},"4":{"name":"performUpkeep","line":88,"loc":{"start":{"line":88,"column":4},"end":{"line":108,"column":4}}},"5":{"name":"fulfillRandomWords","line":110,"loc":{"start":{"line":110,"column":4},"end":{"line":126,"column":4}}},"6":{"name":"getEntranceFee","line":129,"loc":{"start":{"line":129,"column":4},"end":{"line":131,"column":4}}},"7":{"name":"getPlayer","line":133,"loc":{"start":{"line":133,"column":4},"end":{"line":135,"column":4}}},"8":{"name":"getRecentWinner","line":137,"loc":{"start":{"line":137,"column":4},"end":{"line":139,"column":4}}},"9":{"name":"getRaffleState","line":141,"loc":{"start":{"line":141,"column":4},"end":{"line":143,"column":4}}},"10":{"name":"getNumWords","line":145,"loc":{"start":{"line":145,"column":4},"end":{"line":147,"column":4}}},"11":{"name":"getNumberOfPlayers","line":149,"loc":{"start":{"line":149,"column":4},"end":{"line":151,"column":4}}},"12":{"name":"getLastTimeStamp","line":153,"loc":{"start":{"line":153,"column":4},"end":{"line":155,"column":4}}},"13":{"name":"getRequestConfirmation","line":157,"loc":{"start":{"line":157,"column":4},"end":{"line":159,"column":4}}},"14":{"name":"getInterval","line":161,"loc":{"start":{"line":161,"column":4},"end":{"line":163,"column":4}}}},"statementMap":{"1":{"start":{"line":45,"column":8},"end":{"line":45,"column":34}},"2":{"start":{"line":46,"column":8},"end":{"line":46,"column":69}},"3":{"start":{"line":47,"column":8},"end":{"line":47,"column":26}},"4":{"start":{"line":48,"column":8},"end":{"line":48,"column":40}},"5":{"start":{"line":49,"column":8},"end":{"line":49,"column":44}},"6":{"start":{"line":50,"column":8},"end":{"line":50,"column":39}},"7":{"start":{"line":51,"column":8},"end":{"line":51,"column":40}},"8":{"start":{"line":52,"column":8},"end":{"line":52,"column":28}},"9":{"start":{"line":61,"column":8},"end":{"line":61,"column":2051}},"10":{"start":{"line":64,"column":8},"end":{"line":64,"column":2152}},"11":{"start":{"line":67,"column":8},"end":{"line":67,"column":42}},"12":{"start":{"line":68,"column":8},"end":{"line":68,"column":36}},"13":{"start":{"line":81,"column":8},"end":{"line":81,"column":57}},"14":{"start":{"line":82,"column":8},"end":{"line":82,"column":76}},"15":{"start":{"line":83,"column":8},"end":{"line":83,"column":48}},"16":{"start":{"line":84,"column":8},"end":{"line":84,"column":51}},"17":{"start":{"line":85,"column":8},"end":{"line":85,"column":72}},"18":{"start":{"line":91,"column":8},"end":{"line":91,"column":47}},"19":{"start":{"line":92,"column":8},"end":{"line":92,"column":3012}},"20":{"start":{"line":99,"column":8},"end":{"line":99,"column":46}},"21":{"start":{"line":100,"column":8},"end":{"line":100,"column":3272}},"22":{"start":{"line":107,"column":8},"end":{"line":107,"column":45}},"23":{"start":{"line":115,"column":8},"end":{"line":115,"column":65}},"24":{"start":{"line":116,"column":8},"end":{"line":116,"column":63}},"25":{"start":{"line":117,"column":8},"end":{"line":117,"column":36}},"26":{"start":{"line":118,"column":8},"end":{"line":118,"column":39}},"27":{"start":{"line":119,"column":8},"end":{"line":119,"column":43}},"28":{"start":{"line":120,"column":8},"end":{"line":120,"column":40}},"29":{"start":{"line":121,"column":8},"end":{"line":121,"column":78}},"30":{"start":{"line":122,"column":8},"end":{"line":122,"column":4062}},"31":{"start":{"line":125,"column":8},"end":{"line":125,"column":39}},"32":{"start":{"line":130,"column":8},"end":{"line":130,"column":28}},"33":{"start":{"line":134,"column":8},"end":{"line":134,"column":31}},"34":{"start":{"line":138,"column":8},"end":{"line":138,"column":29}},"35":{"start":{"line":142,"column":8},"end":{"line":142,"column":28}},"36":{"start":{"line":146,"column":8},"end":{"line":146,"column":24}},"37":{"start":{"line":150,"column":8},"end":{"line":150,"column":31}},"38":{"start":{"line":154,"column":8},"end":{"line":154,"column":30}},"39":{"start":{"line":158,"column":8},"end":{"line":158,"column":36}},"40":{"start":{"line":162,"column":8},"end":{"line":162,"column":25}}},"branchMap":{"1":{"line":61,"type":"if","locations":[{"start":{"line":61,"column":8},"end":{"line":61,"column":8}},{"start":{"line":61,"column":8},"end":{"line":61,"column":8}}]},"2":{"line":64,"type":"if","locations":[{"start":{"line":64,"column":8},"end":{"line":64,"column":8}},{"start":{"line":64,"column":8},"end":{"line":64,"column":8}}]},"3":{"line":92,"type":"if","locations":[{"start":{"line":92,"column":8},"end":{"line":92,"column":8}},{"start":{"line":92,"column":8},"end":{"line":92,"column":8}}]},"4":{"line":122,"type":"if","locations":[{"start":{"line":122,"column":8},"end":{"line":122,"column":8}},{"start":{"line":122,"column":8},"end":{"line":122,"column":8}}]}}},
"contracts/test/VRFCoordinatorV2Mock.sol":{"l":{},"path":"/Users/ben/hh-fcc/hardhat-smartcontract-lottery-fcc/contracts/test/VRFCoordinatorV2Mock.sol","s":{},"b":{},"f":{},"fnMap":{},"statementMap":{},"branchMap":{}}}
