TN:
SF:/Users/ben/hh-fcc/hardhat-smartcontract-lottery-fcc/contracts/Raffle.sol
FN:44,constructor
FN:60,enterRaffle
FN:71,checkUpkeep
FN:88,performUpkeep
FN:110,fulfillRandomWords
FN:129,getEntranceFee
FN:133,getPlayer
FN:137,getRecentWinner
FN:141,getRaffleState
FN:145,getNumWords
FN:149,getNumberOfPlayers
FN:153,getLastTimeStamp
FN:157,getRequestConfirmation
FN:161,getInterval
FNF:14
FNH:8
FNDA:3,constructor
FNDA:5,enterRaffle
FNDA:1,checkUpkeep
FNDA:1,performUpkeep
FNDA:0,fulfillRandomWords
FNDA:5,getEntranceFee
FNDA:1,getPlayer
FNDA:0,getRecentWinner
FNDA:1,getRaffleState
FNDA:0,getNumWords
FNDA:0,getNumberOfPlayers
FNDA:0,getLastTimeStamp
FNDA:0,getRequestConfirmation
FNDA:5,getInterval
DA:45,3
DA:46,3
DA:47,3
DA:48,3
DA:49,3
DA:50,3
DA:51,3
DA:52,3
DA:61,5
DA:62,1
DA:64,4
DA:65,1
DA:67,3
DA:68,3
DA:81,1
DA:82,1
DA:83,1
DA:84,1
DA:85,1
DA:91,1
DA:92,1
DA:93,0
DA:99,1
DA:100,1
DA:107,1
DA:115,0
DA:116,0
DA:117,0
DA:118,0
DA:119,0
DA:120,0
DA:121,0
DA:122,0
DA:123,0
DA:125,0
DA:130,5
DA:134,1
DA:138,0
DA:142,1
DA:146,0
DA:150,0
DA:154,0
DA:158,0
DA:162,5
LF:44
LH:28
BRDA:61,1,0,1
BRDA:61,1,1,4
BRDA:64,2,0,1
BRDA:64,2,1,3
BRDA:92,3,0,0
BRDA:92,3,1,1
BRDA:122,4,0,0
BRDA:122,4,1,0
BRF:8
BRH:5
end_of_record
TN:
SF:/Users/ben/hh-fcc/hardhat-smartcontract-lottery-fcc/contracts/test/VRFCoordinatorV2Mock.sol
FNF:0
FNH:0
LF:0
LH:0
BRF:0
BRH:0
end_of_record
