TN:
SF:/Users/ben/hh-fcc/hardhat-smartcontract-lottery-fcc/contracts/Raffle.sol
FN:44,constructor
FN:60,enterRaffle
FN:71,checkUpkeep
FN:88,performUpkeep
FN:110,fulfillRandomWords
FN:129,getEntranceFee
FN:133,getPlayer
FN:137,getRecentWinner
FN:141,getRaffleState
FN:145,getNumWords
FN:149,getNumberOfPlayers
FN:153,getLastestTimeStamp
FN:157,getRequestConfirmation
FN:161,getInterval
FNF:14
FNH:12
FNDA:3,constructor
FNDA:15,enterRaffle
FNDA:10,checkUpkeep
FNDA:6,performUpkeep
FNDA:1,fulfillRandomWords
FNDA:14,getEntranceFee
FNDA:1,getPlayer
FNDA:1,getRecentWinner
FNDA:4,getRaffleState
FNDA:0,getNumWords
FNDA:1,getNumberOfPlayers
FNDA:2,getLastestTimeStamp
FNDA:0,getRequestConfirmation
FNDA:14,getInterval
DA:45,3
DA:46,3
DA:47,3
DA:48,3
DA:49,3
DA:50,3
DA:51,3
DA:52,3
DA:61,15
DA:62,1
DA:64,14
DA:65,1
DA:67,13
DA:68,13
DA:81,10
DA:82,10
DA:83,10
DA:84,10
DA:85,10
DA:91,6
DA:92,6
DA:93,1
DA:99,5
DA:100,5
DA:107,5
DA:115,1
DA:116,1
DA:117,1
DA:118,1
DA:119,1
DA:120,1
DA:121,1
DA:122,1
DA:123,0
DA:125,1
DA:130,14
DA:134,1
DA:138,1
DA:142,4
DA:146,0
DA:150,1
DA:154,2
DA:158,0
DA:162,14
LF:44
LH:41
BRDA:61,1,0,1
BRDA:61,1,1,14
BRDA:64,2,0,1
BRDA:64,2,1,13
BRDA:92,3,0,1
BRDA:92,3,1,5
BRDA:122,4,0,0
BRDA:122,4,1,1
BRF:8
BRH:7
end_of_record
TN:
SF:/Users/ben/hh-fcc/hardhat-smartcontract-lottery-fcc/contracts/test/VRFCoordinatorV2Mock.sol
FNF:0
FNH:0
LF:0
LH:0
BRF:0
BRH:0
end_of_record
